
                  @@@@@@@                             @@@@ @  
                    @@   @@                         @@    @@  
                    @@    @@                       @@      @  
                    @@    @@     @@@       @@@    @@          
                    @@   @@    @@   @@   @@   @@  @@          
                    @@@@@@    @@     @@ @@     @@ @@     @@@@@
                    @@    @@  @@     @@ @@     @@ @@     @ @@ 
                    @@     @@ @@     @@ @@     @@ @@    @  @@ 
                    @@     @@ @@     @@ @@     @@  @@      @@ 
                    @@    @@   @@   @@   @@   @@    @@    @@  
                  @@@@@@@@       @@@       @@@        @@@@    

                         Binding and Optimizing On Gates

             Alliance CAD System 5.0 20090901, boog 5.0 [2003/01/09]
             Copyright (c) 2000-2019,                 ASIM/LIP6/UPMC
             Author(s):                              François Donnet
             E-mail        :             alliance-users@asim.lip6.fr

        MBK_VDD        : vdd
        MBK_VSS        : vss
        MBK_IN_LO      : vst
        MBK_OUT_LO     : vst
        MBK_WORK_LIB   : .
        MBK_TARGET_LIB : /usr/lib64/alliance/cells/sxlib

Reading parameter file 'paramfile.lax'...
50% area - 50% delay optimization
Reading file 'sdeta_b.vbe'...
Controlling file 'paramfile.lax'...
Controlling file 'sdeta_b.vbe'...
Reading lib '/usr/lib64/alliance/cells/sxlib'...
Controlling lib '/usr/lib64/alliance/cells/sxlib'...
Preparing file 'sdeta_b.vbe'...
Capacitances on file 'sdeta_b.vbe'...
Unflattening file 'sdeta_b.vbe'...
Mapping file 'sdeta_b.vbe'...
Saving file 'sdeta_b.vst'...
Adding signal 'not_code 2'
Quick estimated critical path (no warranty)...1396 ps from 'fsm_alarm_cs 2' to 'fsm_alarm_cs 0'
Quick estimated area (with over-cell routing)...57750 lambda²
Details...
	inv_x2: 9
	na3_x1: 6
	no2_x1: 5
	na2_x1: 5
	no3_x1: 4
	sff1_x4: 3
	o2_x2: 3
	na4_x1: 2
	no4_x1: 2
	a2_x2: 2
	nao22_x1: 1
	on12_x1: 1
	Total: 43
Saving delay gradient in xsch color file 'sdeta_b.xsc'...
End of boog...

