
                   @@@@@@                          @@@    @@@
                     @@                             @@     @ 
                     @@                             @@@    @ 
                     @@           @@@       @@@     @ @@   @ 
                     @@         @@   @@   @@   @@   @ @@   @ 
                     @@        @@     @@ @@     @@  @  @@  @ 
                     @@        @@     @@ @@     @@  @   @@ @ 
                     @@        @@     @@ @@     @@  @   @@ @ 
                     @@      @ @@     @@ @@     @@  @    @@@ 
                     @@     @   @@   @@   @@   @@   @     @@ 
                   @@@@@@@@@@     @@@       @@@    @@@    @@ 

                           Local optimization on Nets

             Alliance CAD System 5.0 20090901, loon 5.0 [2003/12/07]
             Copyright (c) 2000-2019,                 ASIM/LIP6/UPMC
             Author(s):                              François Donnet
             E-mail        :             alliance-users@asim.lip6.fr

	MBK_IN_LO	: vst
	MBK_OUT_LO	: vst
	MBK_TARGET_LIB	: /usr/lib64/alliance/cells/sxlib

Reading parameter file 'paramfile.lax'...
50% area - 50% delay optimization
Reading file 'sdetr_b.vst'...
Controlling file 'paramfile.lax'...
Reading lib '/usr/lib64/alliance/cells/sxlib'...
Capacitances on file 'sdetr_b.vst'...
Delays on file 'sdetr_b.vst'...2335 ps
Area on file 'sdetr_b.vst'...64750 lamda² (with over-cell routing)
Details...
	no2_x1: 8 (12%)
	a2_x2: 6 (11%)
	inv_x2: 6 (6%)
	sff1_x4: 3 (20%)
	o2_x2: 3 (5%)
	nao22_x1: 2 (4%)
	na3_x1: 2 (3%)
	a3_x2: 2 (4%)
	nxr2_x1: 2 (6%)
	oa2ao222_x2: 1 (3%)
	oa22_x2: 1 (2%)
	nao2o22_x1: 1 (2%)
	no3_x1: 1 (1%)
	noa2a22_x1: 1 (2%)
	o3_x2: 1 (2%)
	noa22_x1: 1 (2%)
	an12_x1: 1 (1%)
	ao22_x2: 1 (2%)
	Total: 43
Worst RC on file 'sdetr_b.vst'...342 ps
Inserting buffers on critical path for file 'sdetr_b_l.vst'...None inserted
Improving RC on critical path for file 'sdetr_b_l.vst'...2335 ps
Improving all RC for file 'sdetr_b_l.vst'...
Worst RC on file 'sdetr_b_l.vst'...342 ps
Area on file 'sdetr_b_l.vst'...64750 lamda² (with over-cell routing)
Details...
	no2_x1: 8 (12%)
	a2_x2: 6 (11%)
	inv_x2: 6 (6%)
	sff1_x4: 3 (20%)
	o2_x2: 3 (5%)
	nao22_x1: 2 (4%)
	na3_x1: 2 (3%)
	a3_x2: 2 (4%)
	nxr2_x1: 2 (6%)
	oa2ao222_x2: 1 (3%)
	oa22_x2: 1 (2%)
	nao2o22_x1: 1 (2%)
	no3_x1: 1 (1%)
	noa2a22_x1: 1 (2%)
	o3_x2: 1 (2%)
	noa22_x1: 1 (2%)
	an12_x1: 1 (1%)
	ao22_x2: 1 (2%)
	Total: 43
Critical path (no warranty)...2335 ps from 'fsm_alarm_cs 2' to 'fsm_alarm_cs_2_ins'
Saving file 'sdetr_b_l.vst'...
Saving delay gradient in xsch color file 'sdetr_b_l.xsc'...
End of loon...

