
                  @@@@@@@                             @@@@ @  
                    @@   @@                         @@    @@  
                    @@    @@                       @@      @  
                    @@    @@     @@@       @@@    @@          
                    @@   @@    @@   @@   @@   @@  @@          
                    @@@@@@    @@     @@ @@     @@ @@     @@@@@
                    @@    @@  @@     @@ @@     @@ @@     @ @@ 
                    @@     @@ @@     @@ @@     @@ @@    @  @@ 
                    @@     @@ @@     @@ @@     @@  @@      @@ 
                    @@    @@   @@   @@   @@   @@    @@    @@  
                  @@@@@@@@       @@@       @@@        @@@@    

                         Binding and Optimizing On Gates

             Alliance CAD System 5.0 20090901, boog 5.0 [2003/01/09]
             Copyright (c) 2000-2019,                 ASIM/LIP6/UPMC
             Author(s):                              François Donnet
             E-mail        :             alliance-users@asim.lip6.fr

        MBK_VDD        : vdd
        MBK_VSS        : vss
        MBK_IN_LO      : vst
        MBK_OUT_LO     : vst
        MBK_WORK_LIB   : .
        MBK_TARGET_LIB : /usr/lib64/alliance/cells/sxlib

Reading parameter file 'paramfile.lax'...
50% area - 50% delay optimization
Reading file 'sdetr_b.vbe'...
Controlling file 'paramfile.lax'...
Controlling file 'sdetr_b.vbe'...
Reading lib '/usr/lib64/alliance/cells/sxlib'...
Controlling lib '/usr/lib64/alliance/cells/sxlib'...
Preparing file 'sdetr_b.vbe'...
Capacitances on file 'sdetr_b.vbe'...
Unflattening file 'sdetr_b.vbe'...
Mapping file 'sdetr_b.vbe'...
Saving file 'sdetr_b.vst'...
Adding signal 'not_code 2'
Quick estimated critical path (no warranty)...1932 ps from 'fsm_alarm_cs 2' to 'fsm_alarm_cs 1'
Quick estimated area (with over-cell routing)...64750 lambda²
Details...
	no2_x1: 8
	a2_x2: 6
	inv_x2: 6
	sff1_x4: 3
	o2_x2: 3
	nao22_x1: 2
	na3_x1: 2
	a3_x2: 2
	nxr2_x1: 2
	oa2ao222_x2: 1
	oa22_x2: 1
	nao2o22_x1: 1
	no3_x1: 1
	noa2a22_x1: 1
	o3_x2: 1
	noa22_x1: 1
	an12_x1: 1
	ao22_x2: 1
	Total: 43
Saving delay gradient in xsch color file 'sdetr_b.xsc'...
End of boog...

