
                   @@@@@@                          @@@    @@@
                     @@                             @@     @ 
                     @@                             @@@    @ 
                     @@           @@@       @@@     @ @@   @ 
                     @@         @@   @@   @@   @@   @ @@   @ 
                     @@        @@     @@ @@     @@  @  @@  @ 
                     @@        @@     @@ @@     @@  @   @@ @ 
                     @@        @@     @@ @@     @@  @   @@ @ 
                     @@      @ @@     @@ @@     @@  @    @@@ 
                     @@     @   @@   @@   @@   @@   @     @@ 
                   @@@@@@@@@@     @@@       @@@    @@@    @@ 

                           Local optimization on Nets

             Alliance CAD System 5.0 20090901, loon 5.0 [2003/12/07]
             Copyright (c) 2000-2019,                 ASIM/LIP6/UPMC
             Author(s):                              François Donnet
             E-mail        :             alliance-users@asim.lip6.fr

	MBK_IN_LO	: vst
	MBK_OUT_LO	: vst
	MBK_TARGET_LIB	: /usr/lib64/alliance/cells/sxlib

Reading parameter file 'paramfile.lax'...
50% area - 50% delay optimization
Reading file 'sdeto_b.vst'...
Controlling file 'paramfile.lax'...
Reading lib '/usr/lib64/alliance/cells/sxlib'...
Capacitances on file 'sdeto_b.vst'...
Delays on file 'sdeto_b.vst'...2294 ps
Area on file 'sdeto_b.vst'...88250 lamda² (with over-cell routing)
Details...
	inv_x2: 13 (11%)
	no2_x1: 9 (10%)
	sff1_x4: 7 (35%)
	na2_x1: 5 (5%)
	on12_x1: 3 (4%)
	a2_x2: 3 (4%)
	na3_x1: 2 (2%)
	o3_x2: 2 (3%)
	o2_x2: 2 (2%)
	na4_x1: 2 (3%)
	an12_x1: 2 (2%)
	ao22_x2: 1 (1%)
	a4_x2: 1 (1%)
	oa3ao322_x2: 1 (3%)
	no4_x1: 1 (1%)
	noa22_x1: 1 (1%)
	nao22_x1: 1 (1%)
	a3_x2: 1 (1%)
	Total: 57
Worst RC on file 'sdeto_b.vst'...342 ps
Inserting buffers on critical path for file 'sdeto_b_l.vst'...3 buffers inserted -> 2253 ps
Improving RC on critical path for file 'sdeto_b_l.vst'...2253 ps
Improving all RC for file 'sdeto_b_l.vst'...
Worst RC on file 'sdeto_b_l.vst'...342 ps
Area on file 'sdeto_b_l.vst'...91250 lamda² (with over-cell routing)
Details...
	inv_x2: 13 (10%)
	no2_x1: 9 (9%)
	sff1_x4: 7 (34%)
	na2_x1: 5 (5%)
	buf_x2: 3 (3%)
	on12_x1: 3 (4%)
	a2_x2: 3 (4%)
	na3_x1: 2 (2%)
	o3_x2: 2 (3%)
	o2_x2: 2 (2%)
	na4_x1: 2 (3%)
	an12_x1: 2 (2%)
	ao22_x2: 1 (1%)
	a4_x2: 1 (1%)
	oa3ao322_x2: 1 (3%)
	no4_x1: 1 (1%)
	noa22_x1: 1 (1%)
	nao22_x1: 1 (1%)
	a3_x2: 1 (1%)
	Total: 60
Critical path (no warranty)...2253 ps from 'fsm_alarm_cs 4' to 'fsm_alarm_cs_1_ins'
Saving file 'sdeto_b_l.vst'...
Saving delay gradient in xsch color file 'sdeto_b_l.xsc'...
End of loon...

