
                   @@@@@@                          @@@    @@@
                     @@                             @@     @ 
                     @@                             @@@    @ 
                     @@           @@@       @@@     @ @@   @ 
                     @@         @@   @@   @@   @@   @ @@   @ 
                     @@        @@     @@ @@     @@  @  @@  @ 
                     @@        @@     @@ @@     @@  @   @@ @ 
                     @@        @@     @@ @@     @@  @   @@ @ 
                     @@      @ @@     @@ @@     @@  @    @@@ 
                     @@     @   @@   @@   @@   @@   @     @@ 
                   @@@@@@@@@@     @@@       @@@    @@@    @@ 

                           Local optimization on Nets

             Alliance CAD System 5.0 20090901, loon 5.0 [2003/12/07]
             Copyright (c) 2000-2019,                 ASIM/LIP6/UPMC
             Author(s):                              François Donnet
             E-mail        :             alliance-users@asim.lip6.fr

	MBK_IN_LO	: vst
	MBK_OUT_LO	: vst
	MBK_TARGET_LIB	: /usr/lib64/alliance/cells/sxlib

Reading parameter file 'paramfile.lax'...
50% area - 50% delay optimization
Reading file 'sdeta_b.vst'...
Controlling file 'paramfile.lax'...
Reading lib '/usr/lib64/alliance/cells/sxlib'...
Capacitances on file 'sdeta_b.vst'...
Delays on file 'sdeta_b.vst'...2163 ps
Area on file 'sdeta_b.vst'...57750 lamda² (with over-cell routing)
Details...
	inv_x2: 9 (11%)
	na3_x1: 6 (12%)
	no2_x1: 5 (8%)
	na2_x1: 5 (8%)
	no3_x1: 4 (8%)
	sff1_x4: 3 (23%)
	o2_x2: 3 (6%)
	na4_x1: 2 (5%)
	no4_x1: 2 (5%)
	a2_x2: 2 (4%)
	nao22_x1: 1 (2%)
	on12_x1: 1 (2%)
	Total: 43
Worst RC on file 'sdeta_b.vst'...342 ps
Inserting buffers on critical path for file 'sdeta_b_l.vst'...1 buffer inserted -> 2148 ps
Improving RC on critical path for file 'sdeta_b_l.vst'...2148 ps
Improving all RC for file 'sdeta_b_l.vst'...
Worst RC on file 'sdeta_b_l.vst'...342 ps
Area on file 'sdeta_b_l.vst'...58750 lamda² (with over-cell routing)
Details...
	inv_x2: 9 (11%)
	na3_x1: 6 (12%)
	no2_x1: 5 (8%)
	na2_x1: 5 (8%)
	no3_x1: 4 (8%)
	sff1_x4: 3 (22%)
	o2_x2: 3 (6%)
	na4_x1: 2 (5%)
	no4_x1: 2 (5%)
	a2_x2: 2 (4%)
	buf_x2: 1 (1%)
	nao22_x1: 1 (2%)
	on12_x1: 1 (2%)
	Total: 44
Critical path (no warranty)...2148 ps from 'code 0' to 'fsm_alarm_cs_1_ins'
Saving file 'sdeta_b_l.vst'...
Saving delay gradient in xsch color file 'sdeta_b_l.xsc'...
End of loon...

