
                   @@@@@@                          @@@    @@@
                     @@                             @@     @ 
                     @@                             @@@    @ 
                     @@           @@@       @@@     @ @@   @ 
                     @@         @@   @@   @@   @@   @ @@   @ 
                     @@        @@     @@ @@     @@  @  @@  @ 
                     @@        @@     @@ @@     @@  @   @@ @ 
                     @@        @@     @@ @@     @@  @   @@ @ 
                     @@      @ @@     @@ @@     @@  @    @@@ 
                     @@     @   @@   @@   @@   @@   @     @@ 
                   @@@@@@@@@@     @@@       @@@    @@@    @@ 

                           Local optimization on Nets

             Alliance CAD System 5.0 20090901, loon 5.0 [2003/12/07]
             Copyright (c) 2000-2019,                 ASIM/LIP6/UPMC
             Author(s):                              François Donnet
             E-mail        :             alliance-users@asim.lip6.fr

	MBK_IN_LO	: vst
	MBK_OUT_LO	: vst
	MBK_TARGET_LIB	: /usr/lib64/alliance/cells/sxlib

Reading parameter file 'paramfile.lax'...
50% area - 50% delay optimization
Reading file 'sdetm_b.vst'...
Controlling file 'paramfile.lax'...
Reading lib '/usr/lib64/alliance/cells/sxlib'...
Capacitances on file 'sdetm_b.vst'...
Delays on file 'sdetm_b.vst'...2552 ps
Area on file 'sdetm_b.vst'...56750 lamda² (with over-cell routing)
Details...
	no2_x1: 8 (14%)
	inv_x2: 8 (10%)
	o2_x2: 4 (8%)
	sff1_x4: 3 (23%)
	na2_x1: 3 (5%)
	na3_x1: 2 (4%)
	na4_x1: 2 (5%)
	a3_x2: 2 (5%)
	o3_x2: 1 (2%)
	oa2ao222_x2: 1 (4%)
	oa22_x2: 1 (2%)
	ao22_x2: 1 (2%)
	no4_x1: 1 (2%)
	a4_x2: 1 (3%)
	a2_x2: 1 (2%)
	an12_x1: 1 (2%)
	Total: 40
Worst RC on file 'sdetm_b.vst'...342 ps
Inserting buffers on critical path for file 'sdetm_b_l.vst'...2 buffers inserted -> 2535 ps
Improving RC on critical path for file 'sdetm_b_l.vst'...2485 ps
Improving all RC for file 'sdetm_b_l.vst'...
Worst RC on file 'sdetm_b_l.vst'...342 ps
Area on file 'sdetm_b_l.vst'...59000 lamda² (with over-cell routing)
Details...
	no2_x1: 8 (13%)
	inv_x2: 7 (8%)
	o2_x2: 4 (8%)
	sff1_x4: 3 (22%)
	na2_x1: 3 (5%)
	buf_x2: 2 (3%)
	na3_x1: 2 (4%)
	na4_x1: 2 (5%)
	a3_x2: 2 (5%)
	o3_x2: 1 (2%)
	oa2ao222_x2: 1 (4%)
	oa22_x2: 1 (2%)
	ao22_x2: 1 (2%)
	no4_x1: 1 (2%)
	a4_x2: 1 (2%)
	inv_x4: 1 (1%)
	a2_x2: 1 (2%)
	an12_x1: 1 (2%)
	Total: 42
Critical path (no warranty)...2485 ps from 'fsm_alarm_cs 2' to 'fsm_alarm_cs_0_ins'
Saving file 'sdetm_b_l.vst'...
Saving delay gradient in xsch color file 'sdetm_b_l.xsc'...
End of loon...

