
                   @@@@@@                          @@@    @@@
                     @@                             @@     @ 
                     @@                             @@@    @ 
                     @@           @@@       @@@     @ @@   @ 
                     @@         @@   @@   @@   @@   @ @@   @ 
                     @@        @@     @@ @@     @@  @  @@  @ 
                     @@        @@     @@ @@     @@  @   @@ @ 
                     @@        @@     @@ @@     @@  @   @@ @ 
                     @@      @ @@     @@ @@     @@  @    @@@ 
                     @@     @   @@   @@   @@   @@   @     @@ 
                   @@@@@@@@@@     @@@       @@@    @@@    @@ 

                           Local optimization on Nets

             Alliance CAD System 5.0 20090901, loon 5.0 [2003/12/07]
             Copyright (c) 2000-2019,                 ASIM/LIP6/UPMC
             Author(s):                              François Donnet
             E-mail        :             alliance-users@asim.lip6.fr

	MBK_IN_LO	: vst
	MBK_OUT_LO	: vst
	MBK_TARGET_LIB	: /usr/lib64/alliance/cells/sxlib

Reading parameter file 'paramfile.lax'...
50% area - 50% delay optimization
Reading file 'sdetj_b.vst'...
Controlling file 'paramfile.lax'...
Reading lib '/usr/lib64/alliance/cells/sxlib'...
Capacitances on file 'sdetj_b.vst'...
Delays on file 'sdetj_b.vst'...1873 ps
Area on file 'sdetj_b.vst'...53750 lamda² (with over-cell routing)
Details...
	inv_x2: 9 (12%)
	na3_x1: 7 (16%)
	no2_x1: 6 (11%)
	o2_x2: 4 (9%)
	sff1_x4: 3 (25%)
	no4_x1: 2 (5%)
	na2_x1: 2 (3%)
	nao22_x1: 1 (2%)
	a2_x2: 1 (2%)
	o3_x2: 1 (2%)
	noa22_x1: 1 (2%)
	a4_x2: 1 (3%)
	on12_x1: 1 (2%)
	Total: 39
Worst RC on file 'sdetj_b.vst'...342 ps
Inserting buffers on critical path for file 'sdetj_b_l.vst'...None inserted
Improving RC on critical path for file 'sdetj_b_l.vst'...1832 ps
Improving all RC for file 'sdetj_b_l.vst'...
Worst RC on file 'sdetj_b_l.vst'...342 ps
Area on file 'sdetj_b_l.vst'...53750 lamda² (with over-cell routing)
Details...
	inv_x2: 9 (12%)
	na3_x1: 7 (16%)
	no2_x1: 6 (11%)
	o2_x2: 4 (9%)
	sff1_x4: 3 (25%)
	no4_x1: 2 (5%)
	na2_x1: 2 (3%)
	nao22_x1: 1 (2%)
	a2_x2: 1 (2%)
	o3_x2: 1 (2%)
	noa22_x1: 1 (2%)
	a4_x2: 1 (3%)
	on12_x1: 1 (2%)
	Total: 39
Critical path (no warranty)...1832 ps from 'fsm_alarm_cs 2' to 'fsm_alarm_cs_0_ins'
Saving file 'sdetj_b_l.vst'...
Saving delay gradient in xsch color file 'sdetj_b_l.xsc'...
End of loon...

