
                   @@@    @@@           @@@@@@@              
                    @@     @              @@   @@            
                    @@@    @              @@    @@           
                    @ @@   @    @@@@@     @@    @@     @@@   
                    @ @@   @   @     @    @@   @@    @@   @@ 
                    @  @@  @  @@     @@   @@@@@     @@     @@
                    @   @@ @  @@@@@@@@@   @@  @@    @@     @@
                    @   @@ @  @@          @@   @@   @@     @@
                    @    @@@  @@      @   @@   @@   @@     @@
                    @     @@   @@    @@   @@    @@   @@   @@ 
                   @@@    @@     @@@@   @@@@@   @@@    @@@   

                               Negotiating Router

                   Alliance CAD System 5.0 20090901,  nero 5.0
                   Copyright (c) 2002-2019,     ASIM/LIP6/UPMC
                   E-mail        : alliance-users@asim.lip6.fr

                                S/N 20080611.1


  o  MBK environment :

     MBK_IN_LO       := vst
     MBK_OUT_LO      := vst
     MBK_IN_PH       := ap
     MBK_OUT_PH      := ap
     MBK_WORK_LIB    := .
     MBK_CATA_LIB    := .
                        /usr/lib64/alliance/cells/sxlib
                        /usr/lib64/alliance/cells/dp_sxlib
                        /usr/lib64/alliance/cells/rflib
                        /usr/lib64/alliance/cells/rf2lib
                        /usr/lib64/alliance/cells/ramlib
                        /usr/lib64/alliance/cells/romlib
                        /usr/lib64/alliance/cells/pxlib
                        /usr/lib64/alliance/cells/padlib
     MBK_CATAL_NAME  := CATAL
     MBK_VDD         := vdd
     MBK_VSS         := vss
     MBK_SEPAR       := .

  o  Loading netlist "sdetj_b_l_scan"...
  o  Loading layout "sdet_p"...
  o  Flattening layout...
  o  Flattening netlist...
  o  Building netlist dual representation (lofigchain)...
  o  Binding logical & physical views...

  o  Loading design into grid...
     o  Using seed cell "a2_x2_ins" (model "a2_x2").
     o  Grid offset : (0,0) [adjust (0,0)]
     o  Small design, global routing disabled.
     o  Allocating grid size [58,51,3].
     o  Loading external terminals.
     o  Finding obstacles.
     o  Loading nets into grid.
     o  Allocating the net scheduler.
     o  Reading power grid.

  o  Local routing stage.
     - [  50] (hp :=     0) "vdd"
     - [  49] (hp :=     0) "vss"
     - [  48] (hp :=     8) "na3_x1_7_sig"
     - [  47] (hp :=    10) "nao22_x1_sig"
     - [  46] (hp :=    11) "door"
     - [  45] (hp :=    11) "alarm"
     - [  44] (hp :=    11) "aux4"
     - [  43] (hp :=    12) "a4_x2_sig"
     - [  42] (hp :=    13) "scanout"
     - [  41] (hp :=    13) "na3_x1_5_sig"
     - [  40] (hp :=    13) "na2_x1_2_sig"
     - [  39] (hp :=    16) "o2_x2_sig"
     - [  38] (hp :=    16) "o3_x2_sig"
     - [  37] (hp :=    16) "na3_x1_2_sig"
     - [  36] (hp :=    16) "noa22_x1_sig"
     - [  35] (hp :=    17) "no2_x1_2_sig"
     - [  34] (hp :=    17) "na3_x1_4_sig"
     - [  33] (hp :=    17) "not_aux0"
     - [  32] (hp :=    18) "scanin"
     - [  31] (hp :=    18) "na2_x1_sig"
     - [  30] (hp :=    20) "inv_x2_sig"
     - [  29] (hp :=    21) "na3_x1_6_sig"
     - [  28] (hp :=    21) "na3_x1_3_sig"
     - [  27] (hp :=    21) "not_aux3"
     - [  26] (hp :=    23) "no2_x1_sig"
     - [  25] (hp :=    23) "not_fsm_alarm_cs 2"
     - [  24] (hp :=    24) "no2_x1_3_sig"
     - [  23] (hp :=    24) "not_code 2"
     - [  22] (hp :=    25) "day_time"
     - [  21] (hp :=    32) "not_fsm_alarm_cs 0"
     - [  20] (hp :=    34) "not_aux2"
     - [  19] (hp :=    39) "not_fsm_alarm_cs 1"
     - [  18] (hp :=    39) "not_code 1"
     - [  17] (hp :=    43) "a2_x2_sig"
     - [  16] (hp :=    44) "na3_x1_sig"
     - [  15] (hp :=    45) "not_aux1"
     - [  14] (hp :=    46) "clk"
     - [  13] (hp :=    46) "not_aux4"
     - [  12] (hp :=    50) "not_code 3"
     - [  11] (hp :=    51) "code 1"
     - [  10] (hp :=    52) "no4_x1_sig"
     - [   9] (hp :=    54) "code 0"
     - [   8] (hp :=    55) "reset"
     - [   7] (hp :=    56) "no4_x1_2_sig"
     - [   6] (hp :=    58) "fsm_alarm_cs 2"
     - [   5] (hp :=    70) "test"
     - [   4] (hp :=    72) "fsm_alarm_cs 1"
     - [   3] (hp :=    73) "aux3"
     - [   2] (hp :=    80) "fsm_alarm_cs 0"
     - [   1] (hp :=    83) "code 3"
     - [   0] (hp :=    84) "code 2"
              > AStar unable to find a path.
              > Re-routing with pri := 256.
     - [   1] (hp :=    24) "not_code 2"
     - [   0] (hp :=    51) "code 1"

  o  Routing stats :
     - routing iterations    := 34880
     - re-routing iterations := 3082
     - ratio                 := 8.11865%.

  o  Dumping routing grid.
  o  Saving MBK figure "sdetj_b_l_scan".
  o  Saving layout as "sdetj_b_l_scan"...


